<?xml version="1.0" encoding="UTF-8"?>
<testng-results skipped="0" failed="0" ignored="0" total="25" passed="25">
  <reporter-output>
  </reporter-output>
  <suite name="All Test Suite" duration-ms="32929" started-at="2019-08-01T08:56:05Z" finished-at="2019-08-01T08:56:38Z">
    <groups>
    </groups>
    <test name="AccountCheck" duration-ms="32929" started-at="2019-08-01T08:56:05Z" finished-at="2019-08-01T08:56:38Z">
      <class name="accCheck.AccountCheckTests">
        <test-method status="PASS" signature="getHostURL()[pri:0, instance:accCheck.AccountCheckTests@527e5409]" name="getHostURL" is-config="true" duration-ms="395" started-at="2019-08-01T08:56:05Z" finished-at="2019-08-01T08:56:06Z">
          <reporter-output>
          </reporter-output>
        </test-method> <!-- getHostURL -->
        <test-method status="PASS" signature="accCheck_Valild_AccountChek_Flow_with_only_mandatory_parameters()[pri:0, instance:accCheck.AccountCheckTests@527e5409]" name="accCheck_Valild_AccountChek_Flow_with_only_mandatory_parameters" duration-ms="4889" started-at="2019-08-01T08:56:06Z" description="Valild Account Check Flow with only mandatory parameters and Sharing Accounts of two different banks" finished-at="2019-08-01T08:56:10Z">
          <reporter-output>
          </reporter-output>
        </test-method> <!-- accCheck_Valild_AccountChek_Flow_with_only_mandatory_parameters -->
        <test-method status="PASS" signature="accCheck_Valild_AccountChek_Flow_with_all_parameters()[pri:0, instance:accCheck.AccountCheckTests@527e5409]" name="accCheck_Valild_AccountChek_Flow_with_all_parameters" duration-ms="4877" started-at="2019-08-01T08:56:06Z" description="Valid scenario with all parameters and sharing Accounts of single bank" finished-at="2019-08-01T08:56:10Z">
          <reporter-output>
          </reporter-output>
        </test-method> <!-- accCheck_Valild_AccountChek_Flow_with_all_parameters -->
        <test-method status="PASS" signature="checkStatus(org.testng.ITestResult)[pri:0, instance:accCheck.AccountCheckTests@527e5409]" name="checkStatus" is-config="true" duration-ms="4" started-at="2019-08-01T08:56:11Z" finished-at="2019-08-01T08:56:11Z">
          <params>
            <param index="0">
              <value>
                <![CDATA[[TestResult name=accCheck_Valild_AccountChek_Flow_with_all_parameters status=SUCCESS method=AccountCheckTests.accCheck_Valild_AccountChek_Flow_with_all_parameters()[pri:0, instance:accCheck.AccountCheckTests@527e5409] output={null}]]]>
              </value>
            </param>
          </params>
          <reporter-output>
          </reporter-output>
        </test-method> <!-- checkStatus -->
        <test-method status="PASS" signature="checkStatus(org.testng.ITestResult)[pri:0, instance:accCheck.AccountCheckTests@527e5409]" name="checkStatus" is-config="true" duration-ms="2" started-at="2019-08-01T08:56:11Z" finished-at="2019-08-01T08:56:11Z">
          <params>
            <param index="0">
              <value>
                <![CDATA[[TestResult name=accCheck_Valild_AccountChek_Flow_with_only_mandatory_parameters status=SUCCESS method=AccountCheckTests.accCheck_Valild_AccountChek_Flow_with_only_mandatory_parameters()[pri:0, instance:accCheck.AccountCheckTests@527e5409] output={null}]]]>
              </value>
            </param>
          </params>
          <reporter-output>
          </reporter-output>
        </test-method> <!-- checkStatus -->
        <test-method status="PASS" signature="accCheck_Null_Zip_Code()[pri:1, instance:accCheck.AccountCheckTests@527e5409]" name="accCheck_Null_Zip_Code" duration-ms="1986" started-at="2019-08-01T08:56:11Z" description="Null Zip Code and Sharing only one of the two accounts of single bank" finished-at="2019-08-01T08:56:13Z">
          <reporter-output>
          </reporter-output>
        </test-method> <!-- accCheck_Null_Zip_Code -->
        <test-method status="PASS" signature="accCheck_Null_SSN()[pri:1, instance:accCheck.AccountCheckTests@527e5409]" name="accCheck_Null_SSN" duration-ms="1334" started-at="2019-08-01T08:56:11Z" description="Null SSN" finished-at="2019-08-01T08:56:12Z">
          <reporter-output>
          </reporter-output>
        </test-method> <!-- accCheck_Null_SSN -->
        <test-method status="PASS" signature="accCheck_Null_First_Name()[pri:1, instance:accCheck.AccountCheckTests@527e5409]" name="accCheck_Null_First_Name" duration-ms="1901" started-at="2019-08-01T08:56:11Z" description="Null First Name" finished-at="2019-08-01T08:56:13Z">
          <reporter-output>
          </reporter-output>
        </test-method> <!-- accCheck_Null_First_Name -->
        <test-method status="PASS" signature="accCheck_Null_Address_line_1()[pri:1, instance:accCheck.AccountCheckTests@527e5409]" name="accCheck_Null_Address_line_1" duration-ms="1971" started-at="2019-08-01T08:56:11Z" description="Null Address line 1" finished-at="2019-08-01T08:56:13Z">
          <reporter-output>
          </reporter-output>
        </test-method> <!-- accCheck_Null_Address_line_1 -->
        <test-method status="PASS" signature="accCheck_Null_Last_Name()[pri:1, instance:accCheck.AccountCheckTests@527e5409]" name="accCheck_Null_Last_Name" duration-ms="1983" started-at="2019-08-01T08:56:11Z" description="Null Last Name" finished-at="2019-08-01T08:56:13Z">
          <reporter-output>
          </reporter-output>
        </test-method> <!-- accCheck_Null_Last_Name -->
        <test-method status="PASS" signature="checkStatus(org.testng.ITestResult)[pri:0, instance:accCheck.AccountCheckTests@527e5409]" name="checkStatus" is-config="true" duration-ms="0" started-at="2019-08-01T08:56:12Z" finished-at="2019-08-01T08:56:12Z">
          <params>
            <param index="0">
              <value>
                <![CDATA[[TestResult name=accCheck_Null_SSN status=SUCCESS method=AccountCheckTests.accCheck_Null_SSN()[pri:1, instance:accCheck.AccountCheckTests@527e5409] output={null}]]]>
              </value>
            </param>
          </params>
          <reporter-output>
          </reporter-output>
        </test-method> <!-- checkStatus -->
        <test-method status="PASS" signature="accCheck_Null_account_id()[pri:1, instance:accCheck.AccountCheckTests@527e5409]" name="accCheck_Null_account_id" duration-ms="1307" started-at="2019-08-01T08:56:12Z" description="Null account id" finished-at="2019-08-01T08:56:13Z">
          <reporter-output>
          </reporter-output>
        </test-method> <!-- accCheck_Null_account_id -->
        <test-method status="PASS" signature="checkStatus(org.testng.ITestResult)[pri:0, instance:accCheck.AccountCheckTests@527e5409]" name="checkStatus" is-config="true" duration-ms="0" started-at="2019-08-01T08:56:13Z" finished-at="2019-08-01T08:56:13Z">
          <params>
            <param index="0">
              <value>
                <![CDATA[[TestResult name=accCheck_Null_First_Name status=SUCCESS method=AccountCheckTests.accCheck_Null_First_Name()[pri:1, instance:accCheck.AccountCheckTests@527e5409] output={null}]]]>
              </value>
            </param>
          </params>
          <reporter-output>
          </reporter-output>
        </test-method> <!-- checkStatus -->
        <test-method status="PASS" signature="accCheck_Null_cust_id_and_ac_id()[pri:1, instance:accCheck.AccountCheckTests@527e5409]" name="accCheck_Null_cust_id_and_ac_id" duration-ms="1258" started-at="2019-08-01T08:56:13Z" description="Null cust id and ac id" finished-at="2019-08-01T08:56:14Z">
          <reporter-output>
          </reporter-output>
        </test-method> <!-- accCheck_Null_cust_id_and_ac_id -->
        <test-method status="PASS" signature="checkStatus(org.testng.ITestResult)[pri:0, instance:accCheck.AccountCheckTests@527e5409]" name="checkStatus" is-config="true" duration-ms="0" started-at="2019-08-01T08:56:13Z" finished-at="2019-08-01T08:56:13Z">
          <params>
            <param index="0">
              <value>
                <![CDATA[[TestResult name=accCheck_Null_Zip_Code status=SUCCESS method=AccountCheckTests.accCheck_Null_Zip_Code()[pri:1, instance:accCheck.AccountCheckTests@527e5409] output={null}]]]>
              </value>
            </param>
          </params>
          <reporter-output>
          </reporter-output>
        </test-method> <!-- checkStatus -->
        <test-method status="PASS" signature="accCheck_Null_customer_id()[pri:1, instance:accCheck.AccountCheckTests@527e5409]" name="accCheck_Null_customer_id" duration-ms="1256" started-at="2019-08-01T08:56:13Z" description="Null customer id" finished-at="2019-08-01T08:56:14Z">
          <reporter-output>
          </reporter-output>
        </test-method> <!-- accCheck_Null_customer_id -->
        <test-method status="PASS" signature="checkStatus(org.testng.ITestResult)[pri:0, instance:accCheck.AccountCheckTests@527e5409]" name="checkStatus" is-config="true" duration-ms="0" started-at="2019-08-01T08:56:13Z" finished-at="2019-08-01T08:56:13Z">
          <params>
            <param index="0">
              <value>
                <![CDATA[[TestResult name=accCheck_Null_Address_line_1 status=SUCCESS method=AccountCheckTests.accCheck_Null_Address_line_1()[pri:1, instance:accCheck.AccountCheckTests@527e5409] output={null}]]]>
              </value>
            </param>
          </params>
          <reporter-output>
          </reporter-output>
        </test-method> <!-- checkStatus -->
        <test-method status="PASS" signature="accCheck_Null_email_address()[pri:1, instance:accCheck.AccountCheckTests@527e5409]" name="accCheck_Null_email_address" duration-ms="1301" started-at="2019-08-01T08:56:13Z" description="Null email address" finished-at="2019-08-01T08:56:14Z">
          <reporter-output>
          </reporter-output>
        </test-method> <!-- accCheck_Null_email_address -->
        <test-method status="PASS" signature="checkStatus(org.testng.ITestResult)[pri:0, instance:accCheck.AccountCheckTests@527e5409]" name="checkStatus" is-config="true" duration-ms="1" started-at="2019-08-01T08:56:13Z" finished-at="2019-08-01T08:56:13Z">
          <params>
            <param index="0">
              <value>
                <![CDATA[[TestResult name=accCheck_Null_Last_Name status=SUCCESS method=AccountCheckTests.accCheck_Null_Last_Name()[pri:1, instance:accCheck.AccountCheckTests@527e5409] output={null}]]]>
              </value>
            </param>
          </params>
          <reporter-output>
          </reporter-output>
        </test-method> <!-- checkStatus -->
        <test-method status="PASS" signature="accCheck_Null_first_name_last_name_ssn_email_verification_type()[pri:1, instance:accCheck.AccountCheckTests@527e5409]" name="accCheck_Null_first_name_last_name_ssn_email_verification_type" duration-ms="1282" started-at="2019-08-01T08:56:13Z" description="Null first name last name ssn email verification type" finished-at="2019-08-01T08:56:14Z">
          <reporter-output>
          </reporter-output>
        </test-method> <!-- accCheck_Null_first_name_last_name_ssn_email_verification_type -->
        <test-method status="PASS" signature="checkStatus(org.testng.ITestResult)[pri:0, instance:accCheck.AccountCheckTests@527e5409]" name="checkStatus" is-config="true" duration-ms="1" started-at="2019-08-01T08:56:13Z" finished-at="2019-08-01T08:56:13Z">
          <params>
            <param index="0">
              <value>
                <![CDATA[[TestResult name=accCheck_Null_account_id status=SUCCESS method=AccountCheckTests.accCheck_Null_account_id()[pri:1, instance:accCheck.AccountCheckTests@527e5409] output={null}]]]>
              </value>
            </param>
          </params>
          <reporter-output>
          </reporter-output>
        </test-method> <!-- checkStatus -->
        <test-method status="PASS" signature="accCheck_Null_verification_type()[pri:1, instance:accCheck.AccountCheckTests@527e5409]" name="accCheck_Null_verification_type" duration-ms="1269" started-at="2019-08-01T08:56:13Z" description="Null verification type" finished-at="2019-08-01T08:56:15Z">
          <reporter-output>
          </reporter-output>
        </test-method> <!-- accCheck_Null_verification_type -->
        <test-method status="PASS" signature="checkStatus(org.testng.ITestResult)[pri:0, instance:accCheck.AccountCheckTests@527e5409]" name="checkStatus" is-config="true" duration-ms="0" started-at="2019-08-01T08:56:14Z" finished-at="2019-08-01T08:56:14Z">
          <params>
            <param index="0">
              <value>
                <![CDATA[[TestResult name=accCheck_Null_cust_id_and_ac_id status=SUCCESS method=AccountCheckTests.accCheck_Null_cust_id_and_ac_id()[pri:1, instance:accCheck.AccountCheckTests@527e5409] output={null}]]]>
              </value>
            </param>
          </params>
          <reporter-output>
          </reporter-output>
        </test-method> <!-- checkStatus -->
        <test-method status="PASS" signature="checkStatus(org.testng.ITestResult)[pri:0, instance:accCheck.AccountCheckTests@527e5409]" name="checkStatus" is-config="true" duration-ms="1" started-at="2019-08-01T08:56:14Z" finished-at="2019-08-01T08:56:14Z">
          <params>
            <param index="0">
              <value>
                <![CDATA[[TestResult name=accCheck_Null_customer_id status=SUCCESS method=AccountCheckTests.accCheck_Null_customer_id()[pri:1, instance:accCheck.AccountCheckTests@527e5409] output={null}]]]>
              </value>
            </param>
          </params>
          <reporter-output>
          </reporter-output>
        </test-method> <!-- checkStatus -->
        <test-method status="PASS" signature="checkStatus(org.testng.ITestResult)[pri:0, instance:accCheck.AccountCheckTests@527e5409]" name="checkStatus" is-config="true" duration-ms="0" started-at="2019-08-01T08:56:14Z" finished-at="2019-08-01T08:56:14Z">
          <params>
            <param index="0">
              <value>
                <![CDATA[[TestResult name=accCheck_Null_email_address status=SUCCESS method=AccountCheckTests.accCheck_Null_email_address()[pri:1, instance:accCheck.AccountCheckTests@527e5409] output={null}]]]>
              </value>
            </param>
          </params>
          <reporter-output>
          </reporter-output>
        </test-method> <!-- checkStatus -->
        <test-method status="PASS" signature="checkStatus(org.testng.ITestResult)[pri:0, instance:accCheck.AccountCheckTests@527e5409]" name="checkStatus" is-config="true" duration-ms="1" started-at="2019-08-01T08:56:14Z" finished-at="2019-08-01T08:56:14Z">
          <params>
            <param index="0">
              <value>
                <![CDATA[[TestResult name=accCheck_Null_first_name_last_name_ssn_email_verification_type status=SUCCESS method=AccountCheckTests.accCheck_Null_first_name_last_name_ssn_email_verification_type()[pri:1, instance:accCheck.AccountCheckTests@527e5409] output={null}]]]>
              </value>
            </param>
          </params>
          <reporter-output>
          </reporter-output>
        </test-method> <!-- checkStatus -->
        <test-method status="PASS" signature="checkStatus(org.testng.ITestResult)[pri:0, instance:accCheck.AccountCheckTests@527e5409]" name="checkStatus" is-config="true" duration-ms="0" started-at="2019-08-01T08:56:15Z" finished-at="2019-08-01T08:56:15Z">
          <params>
            <param index="0">
              <value>
                <![CDATA[[TestResult name=accCheck_Null_verification_type status=SUCCESS method=AccountCheckTests.accCheck_Null_verification_type()[pri:1, instance:accCheck.AccountCheckTests@527e5409] output={null}]]]>
              </value>
            </param>
          </params>
          <reporter-output>
          </reporter-output>
        </test-method> <!-- checkStatus -->
        <test-method status="PASS" signature="accCheck_Invalid_customer_id()[pri:2, instance:accCheck.AccountCheckTests@527e5409]" name="accCheck_Invalid_customer_id" duration-ms="1414" started-at="2019-08-01T08:56:15Z" description="Invalid customer id" finished-at="2019-08-01T08:56:16Z">
          <reporter-output>
          </reporter-output>
        </test-method> <!-- accCheck_Invalid_customer_id -->
        <test-method status="PASS" signature="accCheck_Invalid_account_id()[pri:2, instance:accCheck.AccountCheckTests@527e5409]" name="accCheck_Invalid_account_id" duration-ms="1377" started-at="2019-08-01T08:56:15Z" description="Invalid account id" finished-at="2019-08-01T08:56:16Z">
          <reporter-output>
          </reporter-output>
        </test-method> <!-- accCheck_Invalid_account_id -->
        <test-method status="PASS" signature="accCheck_Invalid_Zip_Code()[pri:2, instance:accCheck.AccountCheckTests@527e5409]" name="accCheck_Invalid_Zip_Code" duration-ms="1218" started-at="2019-08-01T08:56:15Z" description="Invalid Zip Code" finished-at="2019-08-01T08:56:16Z">
          <reporter-output>
          </reporter-output>
        </test-method> <!-- accCheck_Invalid_Zip_Code -->
        <test-method status="PASS" signature="accCheck_Invalid_email_address1()[pri:2, instance:accCheck.AccountCheckTests@527e5409]" name="accCheck_Invalid_email_address1" duration-ms="1345" started-at="2019-08-01T08:56:15Z" description="Invalid email address1" finished-at="2019-08-01T08:56:16Z">
          <reporter-output>
          </reporter-output>
        </test-method> <!-- accCheck_Invalid_email_address1 -->
        <test-method status="PASS" signature="accCheck_Invalid_email_address2()[pri:2, instance:accCheck.AccountCheckTests@527e5409]" name="accCheck_Invalid_email_address2" duration-ms="1254" started-at="2019-08-01T08:56:15Z" description="Invalid email address2" finished-at="2019-08-01T08:56:16Z">
          <reporter-output>
          </reporter-output>
        </test-method> <!-- accCheck_Invalid_email_address2 -->
        <test-method status="PASS" signature="checkStatus(org.testng.ITestResult)[pri:0, instance:accCheck.AccountCheckTests@527e5409]" name="checkStatus" is-config="true" duration-ms="0" started-at="2019-08-01T08:56:16Z" finished-at="2019-08-01T08:56:16Z">
          <params>
            <param index="0">
              <value>
                <![CDATA[[TestResult name=accCheck_Invalid_Zip_Code status=SUCCESS method=AccountCheckTests.accCheck_Invalid_Zip_Code()[pri:2, instance:accCheck.AccountCheckTests@527e5409] output={null}]]]>
              </value>
            </param>
          </params>
          <reporter-output>
          </reporter-output>
        </test-method> <!-- checkStatus -->
        <test-method status="PASS" signature="accCheck_Invalid_email_address3()[pri:2, instance:accCheck.AccountCheckTests@527e5409]" name="accCheck_Invalid_email_address3" duration-ms="22278" started-at="2019-08-01T08:56:16Z" description="Invalid email address3" finished-at="2019-08-01T08:56:38Z">
          <reporter-output>
          </reporter-output>
        </test-method> <!-- accCheck_Invalid_email_address3 -->
        <test-method status="PASS" signature="checkStatus(org.testng.ITestResult)[pri:0, instance:accCheck.AccountCheckTests@527e5409]" name="checkStatus" is-config="true" duration-ms="1" started-at="2019-08-01T08:56:16Z" finished-at="2019-08-01T08:56:16Z">
          <params>
            <param index="0">
              <value>
                <![CDATA[[TestResult name=accCheck_Invalid_email_address2 status=SUCCESS method=AccountCheckTests.accCheck_Invalid_email_address2()[pri:2, instance:accCheck.AccountCheckTests@527e5409] output={null}]]]>
              </value>
            </param>
          </params>
          <reporter-output>
          </reporter-output>
        </test-method> <!-- checkStatus -->
        <test-method status="PASS" signature="accCheck_Invalid_email_address4()[pri:2, instance:accCheck.AccountCheckTests@527e5409]" name="accCheck_Invalid_email_address4" duration-ms="1196" started-at="2019-08-01T08:56:16Z" description="Invalid email address4" finished-at="2019-08-01T08:56:17Z">
          <reporter-output>
          </reporter-output>
        </test-method> <!-- accCheck_Invalid_email_address4 -->
        <test-method status="PASS" signature="checkStatus(org.testng.ITestResult)[pri:0, instance:accCheck.AccountCheckTests@527e5409]" name="checkStatus" is-config="true" duration-ms="1" started-at="2019-08-01T08:56:16Z" finished-at="2019-08-01T08:56:16Z">
          <params>
            <param index="0">
              <value>
                <![CDATA[[TestResult name=accCheck_Invalid_email_address1 status=SUCCESS method=AccountCheckTests.accCheck_Invalid_email_address1()[pri:2, instance:accCheck.AccountCheckTests@527e5409] output={null}]]]>
              </value>
            </param>
          </params>
          <reporter-output>
          </reporter-output>
        </test-method> <!-- checkStatus -->
        <test-method status="PASS" signature="accCheck_Invalid_email_address5()[pri:2, instance:accCheck.AccountCheckTests@527e5409]" name="accCheck_Invalid_email_address5" duration-ms="1281" started-at="2019-08-01T08:56:16Z" description="Invalid email address5" finished-at="2019-08-01T08:56:17Z">
          <reporter-output>
          </reporter-output>
        </test-method> <!-- accCheck_Invalid_email_address5 -->
        <test-method status="PASS" signature="checkStatus(org.testng.ITestResult)[pri:0, instance:accCheck.AccountCheckTests@527e5409]" name="checkStatus" is-config="true" duration-ms="0" started-at="2019-08-01T08:56:16Z" finished-at="2019-08-01T08:56:16Z">
          <params>
            <param index="0">
              <value>
                <![CDATA[[TestResult name=accCheck_Invalid_account_id status=SUCCESS method=AccountCheckTests.accCheck_Invalid_account_id()[pri:2, instance:accCheck.AccountCheckTests@527e5409] output={null}]]]>
              </value>
            </param>
          </params>
          <reporter-output>
          </reporter-output>
        </test-method> <!-- checkStatus -->
        <test-method status="PASS" signature="accCheck_Invalid_verification_type()[pri:2, instance:accCheck.AccountCheckTests@527e5409]" name="accCheck_Invalid_verification_type" duration-ms="1317" started-at="2019-08-01T08:56:16Z" description="Invalid verification type" finished-at="2019-08-01T08:56:17Z">
          <reporter-output>
          </reporter-output>
        </test-method> <!-- accCheck_Invalid_verification_type -->
        <test-method status="PASS" signature="checkStatus(org.testng.ITestResult)[pri:0, instance:accCheck.AccountCheckTests@527e5409]" name="checkStatus" is-config="true" duration-ms="0" started-at="2019-08-01T08:56:16Z" finished-at="2019-08-01T08:56:16Z">
          <params>
            <param index="0">
              <value>
                <![CDATA[[TestResult name=accCheck_Invalid_customer_id status=SUCCESS method=AccountCheckTests.accCheck_Invalid_customer_id()[pri:2, instance:accCheck.AccountCheckTests@527e5409] output={null}]]]>
              </value>
            </param>
          </params>
          <reporter-output>
          </reporter-output>
        </test-method> <!-- checkStatus -->
        <test-method status="PASS" signature="accCheck_SSN_greater_than_9_digits()[pri:2, instance:accCheck.AccountCheckTests@527e5409]" name="accCheck_SSN_greater_than_9_digits" duration-ms="1271" started-at="2019-08-01T08:56:16Z" description="SSN greater than 9 digits" finished-at="2019-08-01T08:56:17Z">
          <reporter-output>
          </reporter-output>
        </test-method> <!-- accCheck_SSN_greater_than_9_digits -->
        <test-method status="PASS" signature="checkStatus(org.testng.ITestResult)[pri:0, instance:accCheck.AccountCheckTests@527e5409]" name="checkStatus" is-config="true" duration-ms="0" started-at="2019-08-01T08:56:17Z" finished-at="2019-08-01T08:56:17Z">
          <params>
            <param index="0">
              <value>
                <![CDATA[[TestResult name=accCheck_Invalid_email_address4 status=SUCCESS method=AccountCheckTests.accCheck_Invalid_email_address4()[pri:2, instance:accCheck.AccountCheckTests@527e5409] output={null}]]]>
              </value>
            </param>
          </params>
          <reporter-output>
          </reporter-output>
        </test-method> <!-- checkStatus -->
        <test-method status="PASS" signature="accCheck_SSN_less_than_9_digits()[pri:2, instance:accCheck.AccountCheckTests@527e5409]" name="accCheck_SSN_less_than_9_digits" duration-ms="1167" started-at="2019-08-01T08:56:17Z" description="SSN less than 9 digits" finished-at="2019-08-01T08:56:18Z">
          <reporter-output>
          </reporter-output>
        </test-method> <!-- accCheck_SSN_less_than_9_digits -->
        <test-method status="PASS" signature="checkStatus(org.testng.ITestResult)[pri:0, instance:accCheck.AccountCheckTests@527e5409]" name="checkStatus" is-config="true" duration-ms="1" started-at="2019-08-01T08:56:17Z" finished-at="2019-08-01T08:56:17Z">
          <params>
            <param index="0">
              <value>
                <![CDATA[[TestResult name=accCheck_Invalid_email_address5 status=SUCCESS method=AccountCheckTests.accCheck_Invalid_email_address5()[pri:2, instance:accCheck.AccountCheckTests@527e5409] output={null}]]]>
              </value>
            </param>
          </params>
          <reporter-output>
          </reporter-output>
        </test-method> <!-- checkStatus -->
        <test-method status="PASS" signature="accCheck_zip_code_less_than_5_digits_ssn_less_than_9_null_fist_and_last_name_invalid_email()[pri:2, instance:accCheck.AccountCheckTests@527e5409]" name="accCheck_zip_code_less_than_5_digits_ssn_less_than_9_null_fist_and_last_name_invalid_email" duration-ms="1231" started-at="2019-08-01T08:56:17Z" description="zip code less than 5 digits ssn less than 9 null fist and last name invalid email" finished-at="2019-08-01T08:56:18Z">
          <reporter-output>
          </reporter-output>
        </test-method> <!-- accCheck_zip_code_less_than_5_digits_ssn_less_than_9_null_fist_and_last_name_invalid_email -->
        <test-method status="PASS" signature="checkStatus(org.testng.ITestResult)[pri:0, instance:accCheck.AccountCheckTests@527e5409]" name="checkStatus" is-config="true" duration-ms="0" started-at="2019-08-01T08:56:17Z" finished-at="2019-08-01T08:56:17Z">
          <params>
            <param index="0">
              <value>
                <![CDATA[[TestResult name=accCheck_SSN_greater_than_9_digits status=SUCCESS method=AccountCheckTests.accCheck_SSN_greater_than_9_digits()[pri:2, instance:accCheck.AccountCheckTests@527e5409] output={null}]]]>
              </value>
            </param>
          </params>
          <reporter-output>
          </reporter-output>
        </test-method> <!-- checkStatus -->
        <test-method status="PASS" signature="checkStatus(org.testng.ITestResult)[pri:0, instance:accCheck.AccountCheckTests@527e5409]" name="checkStatus" is-config="true" duration-ms="0" started-at="2019-08-01T08:56:17Z" finished-at="2019-08-01T08:56:17Z">
          <params>
            <param index="0">
              <value>
                <![CDATA[[TestResult name=accCheck_Invalid_verification_type status=SUCCESS method=AccountCheckTests.accCheck_Invalid_verification_type()[pri:2, instance:accCheck.AccountCheckTests@527e5409] output={null}]]]>
              </value>
            </param>
          </params>
          <reporter-output>
          </reporter-output>
        </test-method> <!-- checkStatus -->
        <test-method status="PASS" signature="checkStatus(org.testng.ITestResult)[pri:0, instance:accCheck.AccountCheckTests@527e5409]" name="checkStatus" is-config="true" duration-ms="1" started-at="2019-08-01T08:56:18Z" finished-at="2019-08-01T08:56:18Z">
          <params>
            <param index="0">
              <value>
                <![CDATA[[TestResult name=accCheck_SSN_less_than_9_digits status=SUCCESS method=AccountCheckTests.accCheck_SSN_less_than_9_digits()[pri:2, instance:accCheck.AccountCheckTests@527e5409] output={null}]]]>
              </value>
            </param>
          </params>
          <reporter-output>
          </reporter-output>
        </test-method> <!-- checkStatus -->
        <test-method status="PASS" signature="checkStatus(org.testng.ITestResult)[pri:0, instance:accCheck.AccountCheckTests@527e5409]" name="checkStatus" is-config="true" duration-ms="1" started-at="2019-08-01T08:56:18Z" finished-at="2019-08-01T08:56:18Z">
          <params>
            <param index="0">
              <value>
                <![CDATA[[TestResult name=accCheck_zip_code_less_than_5_digits_ssn_less_than_9_null_fist_and_last_name_invalid_email status=SUCCESS method=AccountCheckTests.accCheck_zip_code_less_than_5_digits_ssn_less_than_9_null_fist_and_last_name_invalid_email()[pri:2, instance:accCheck.AccountCheckTests@527e5409] output={null}]]]>
              </value>
            </param>
          </params>
          <reporter-output>
          </reporter-output>
        </test-method> <!-- checkStatus -->
        <test-method status="PASS" signature="checkStatus(org.testng.ITestResult)[pri:0, instance:accCheck.AccountCheckTests@527e5409]" name="checkStatus" is-config="true" duration-ms="1" started-at="2019-08-01T08:56:38Z" finished-at="2019-08-01T08:56:38Z">
          <params>
            <param index="0">
              <value>
                <![CDATA[[TestResult name=accCheck_Invalid_email_address3 status=SUCCESS method=AccountCheckTests.accCheck_Invalid_email_address3()[pri:2, instance:accCheck.AccountCheckTests@527e5409] output={null}]]]>
              </value>
            </param>
          </params>
          <reporter-output>
          </reporter-output>
        </test-method> <!-- checkStatus -->
      </class> <!-- accCheck.AccountCheckTests -->
    </test> <!-- AccountCheck -->
  </suite> <!-- All Test Suite -->
</testng-results>
