<?xml version="1.0" encoding="UTF-8"?>
<testsuite xmlns:xsi="http://www.w3.org/2001/XMLSchema-instance" xsi:noNamespaceSchemaLocation="https://maven.apache.org/surefire/maven-surefire-plugin/xsd/surefire-test-report-3.0.xsd" version="3.0" name="TestSuite" time="34.895" tests="25" errors="0" skipped="0" failures="0">
  <properties>
[...]
</properties>
  <testcase name="accCheck_Valild_AccountChek_Flow_with_all_parameters" classname="accCheck.AccountCheckTests" time="4.862"/>
  <testcase name="accCheck_Valild_AccountChek_Flow_with_only_mandatory_parameters" classname="accCheck.AccountCheckTests" time="4.881"/>
  <testcase name="accCheck_Null_SSN" classname="accCheck.AccountCheckTests" time="1.093"/>
  <testcase name="accCheck_Null_First_Name" classname="accCheck.AccountCheckTests" time="0.567"/>
  <testcase name="accCheck_Null_Zip_Code" classname="accCheck.AccountCheckTests" time="0.268"/>
  <testcase name="accCheck_Null_Address_line_1" classname="accCheck.AccountCheckTests" time="0.113"/>
  <testcase name="accCheck_Null_Last_Name" classname="accCheck.AccountCheckTests" time="0.002"/>
  <testcase name="accCheck_Null_account_id" classname="accCheck.AccountCheckTests" time="0.338"/>
  <testcase name="accCheck_Null_cust_id_and_ac_id" classname="accCheck.AccountCheckTests" time="0.512"/>
  <testcase name="accCheck_Null_customer_id" classname="accCheck.AccountCheckTests" time="0.594"/>
  <testcase name="accCheck_Null_first_name_last_name_ssn_email_verification_type" classname="accCheck.AccountCheckTests" time="0.735"/>
  <testcase name="accCheck_Null_email_address" classname="accCheck.AccountCheckTests" time="0.739"/>
  <testcase name="accCheck_Null_verification_type" classname="accCheck.AccountCheckTests" time="1.313"/>
  <testcase name="accCheck_Invalid_Zip_Code" classname="accCheck.AccountCheckTests" time="1.113"/>
  <testcase name="accCheck_Invalid_email_address2" classname="accCheck.AccountCheckTests" time="0.042"/>
  <testcase name="accCheck_Invalid_email_address1" classname="accCheck.AccountCheckTests" time="0.112"/>
  <testcase name="accCheck_Invalid_account_id" classname="accCheck.AccountCheckTests" time="0.005"/>
  <testcase name="accCheck_Invalid_customer_id" classname="accCheck.AccountCheckTests" time="0.004"/>
  <testcase name="accCheck_Invalid_email_address4" classname="accCheck.AccountCheckTests" time="1.032"/>
  <testcase name="accCheck_Invalid_email_address5" classname="accCheck.AccountCheckTests" time="0.142"/>
  <testcase name="accCheck_SSN_greater_than_9_digits" classname="accCheck.AccountCheckTests" time="0.009"/>
  <testcase name="accCheck_Invalid_verification_type" classname="accCheck.AccountCheckTests" time="0.013"/>
  <testcase name="accCheck_SSN_less_than_9_digits" classname="accCheck.AccountCheckTests" time="0.948"/>
  <testcase name="accCheck_zip_code_less_than_5_digits_ssn_less_than_9_null_fist_and_last_name_invalid_email" classname="accCheck.AccountCheckTests" time="1.174"/>
  <testcase name="accCheck_Invalid_email_address3" classname="accCheck.AccountCheckTests" time="20.793"/>
</testsuite>