<?xml version="1.0" encoding="UTF-8"?>
<testsuite xmlns:xsi="http://www.w3.org/2001/XMLSchema-instance" xsi:noNamespaceSchemaLocation="https://maven.apache.org/surefire/maven-surefire-plugin/xsd/surefire-test-report-3.0.xsd" version="3.0" name="TestSuite" time="35.815" tests="25" errors="0" skipped="0" failures="0">
  <properties>
[...]
</properties>
  <testcase name="accCheck_Invalid_Zip_Code" classname="accCheck.accountCheck" time="3.025"/>
  <testcase name="accCheck_Invalid_account_id" classname="accCheck.accountCheck" time="1.33"/>
  <testcase name="accCheck_Invalid_customer_id" classname="accCheck.accountCheck" time="1.264"/>
  <testcase name="accCheck_Invalid_email_address1" classname="accCheck.accountCheck" time="1.197"/>
  <testcase name="accCheck_Invalid_email_address2" classname="accCheck.accountCheck" time="1.177"/>
  <testcase name="accCheck_Invalid_email_address3" classname="accCheck.accountCheck" time="1.187"/>
  <testcase name="accCheck_Invalid_email_address4" classname="accCheck.accountCheck" time="1.17"/>
  <testcase name="accCheck_Invalid_email_address5" classname="accCheck.accountCheck" time="1.172"/>
  <testcase name="accCheck_Invalid_verification_type" classname="accCheck.accountCheck" time="1.26"/>
  <testcase name="accCheck_Null_Address_line_1" classname="accCheck.accountCheck" time="2.055"/>
  <testcase name="accCheck_Null_First_Name" classname="accCheck.accountCheck" time="1.569"/>
  <testcase name="accCheck_Null_Last_Name" classname="accCheck.accountCheck" time="1.633"/>
  <testcase name="accCheck_Null_SSN" classname="accCheck.accountCheck" time="1.206"/>
  <testcase name="accCheck_Null_Zip_Code" classname="accCheck.accountCheck" time="1.655"/>
  <testcase name="accCheck_Null_account_id" classname="accCheck.accountCheck" time="1.122"/>
  <testcase name="accCheck_Null_cust_id_and_ac_id" classname="accCheck.accountCheck" time="1.165"/>
  <testcase name="accCheck_Null_customer_id" classname="accCheck.accountCheck" time="1.165"/>
  <testcase name="accCheck_Null_email_address" classname="accCheck.accountCheck" time="1.186"/>
  <testcase name="accCheck_Null_first_name_last_name_ssn_email_verification_type" classname="accCheck.accountCheck" time="1.173"/>
  <testcase name="accCheck_Null_verification_type" classname="accCheck.accountCheck" time="1.164"/>
  <testcase name="accCheck_SSN_greater_than_9_digits" classname="accCheck.accountCheck" time="1.167"/>
  <testcase name="accCheck_SSN_less_than_9_digits" classname="accCheck.accountCheck" time="1.183"/>
  <testcase name="accCheck_Valild_AccountChek_Flow_with_all_parameters" classname="accCheck.accountCheck" time="1.651"/>
  <testcase name="accCheck_Valild_AccountChek_Flow_with_only_mandatory_parameters" classname="accCheck.accountCheck" time="1.552"/>
  <testcase name="accCheck_zip_code_less_than_5_digits_ssn_less_than_9_null_fist_and_last_name_invalid_email" classname="accCheck.accountCheck" time="1.136"/>
</testsuite>