<?xml version="1.0" encoding="UTF-8"?>
<!-- Generated by org.testng.reporters.JUnitXMLReporter -->
<testsuite hostname="KrishnaA-Desk" ignored="0" name="AccountCheck" tests="25" failures="0" timestamp="01 Aug 2019 08:56:38 GMT" time="32.929" errors="0">
  <testcase name="accCheck_Valild_AccountChek_Flow_with_all_parameters" time="4.877" classname="accCheck.AccountCheckTests"/>
  <testcase name="accCheck_Valild_AccountChek_Flow_with_only_mandatory_parameters" time="4.889" classname="accCheck.AccountCheckTests"/>
  <testcase name="accCheck_Null_SSN" time="1.334" classname="accCheck.AccountCheckTests"/>
  <testcase name="accCheck_Null_First_Name" time="1.901" classname="accCheck.AccountCheckTests"/>
  <testcase name="accCheck_Null_Zip_Code" time="1.986" classname="accCheck.AccountCheckTests"/>
  <testcase name="accCheck_Null_Address_line_1" time="1.971" classname="accCheck.AccountCheckTests"/>
  <testcase name="accCheck_Null_Last_Name" time="1.983" classname="accCheck.AccountCheckTests"/>
  <testcase name="accCheck_Null_account_id" time="1.307" classname="accCheck.AccountCheckTests"/>
  <testcase name="accCheck_Null_cust_id_and_ac_id" time="1.258" classname="accCheck.AccountCheckTests"/>
  <testcase name="accCheck_Null_customer_id" time="1.256" classname="accCheck.AccountCheckTests"/>
  <testcase name="accCheck_Null_first_name_last_name_ssn_email_verification_type" time="1.282" classname="accCheck.AccountCheckTests"/>
  <testcase name="accCheck_Null_email_address" time="1.301" classname="accCheck.AccountCheckTests"/>
  <testcase name="accCheck_Null_verification_type" time="1.269" classname="accCheck.AccountCheckTests"/>
  <testcase name="accCheck_Invalid_Zip_Code" time="1.218" classname="accCheck.AccountCheckTests"/>
  <testcase name="accCheck_Invalid_email_address2" time="1.254" classname="accCheck.AccountCheckTests"/>
  <testcase name="accCheck_Invalid_email_address1" time="1.345" classname="accCheck.AccountCheckTests"/>
  <testcase name="accCheck_Invalid_account_id" time="1.377" classname="accCheck.AccountCheckTests"/>
  <testcase name="accCheck_Invalid_customer_id" time="1.414" classname="accCheck.AccountCheckTests"/>
  <testcase name="accCheck_Invalid_email_address4" time="1.196" classname="accCheck.AccountCheckTests"/>
  <testcase name="accCheck_Invalid_email_address5" time="1.281" classname="accCheck.AccountCheckTests"/>
  <testcase name="accCheck_SSN_greater_than_9_digits" time="1.271" classname="accCheck.AccountCheckTests"/>
  <testcase name="accCheck_Invalid_verification_type" time="1.317" classname="accCheck.AccountCheckTests"/>
  <testcase name="accCheck_SSN_less_than_9_digits" time="1.167" classname="accCheck.AccountCheckTests"/>
  <testcase name="accCheck_zip_code_less_than_5_digits_ssn_less_than_9_null_fist_and_last_name_invalid_email" time="1.231" classname="accCheck.AccountCheckTests"/>
  <testcase name="accCheck_Invalid_email_address3" time="22.278" classname="accCheck.AccountCheckTests"/>
</testsuite> <!-- AccountCheck -->
